-- The C compiler identification is GNU 11.4.0
-- The CXX compiler identification is GNU 11.4.0
-- Detecting C compiler ABI info
-- Detecting C compiler ABI info - done
-- Check for working C compiler: /usr/bin/cc - skipped
-- Detecting C compile features
-- Detecting C compile features - done
-- Detecting CXX compiler ABI info
-- Detecting CXX compiler ABI info - done
-- Check for working CXX compiler: /usr/bin/c++ - skipped
-- Detecting CXX compile features
-- Detecting CXX compile features - done
-- Found ament_cmake: 1.3.12 (/opt/ros/humble/share/ament_cmake/cmake)
-- Found Python3: /usr/bin/python3 (found version "3.10.12") found components: Interpreter 
-- Found rclcpp: 16.0.17 (/opt/ros/humble/share/rclcpp/cmake)
-- Found rosidl_generator_c: 3.1.8 (/opt/ros/humble/share/rosidl_generator_c/cmake)
-- Found rosidl_adapter: 3.1.8 (/opt/ros/humble/share/rosidl_adapter/cmake)
-- Found rosidl_generator_cpp: 3.1.8 (/opt/ros/humble/share/rosidl_generator_cpp/cmake)
-- Using all available rosidl_typesupport_c: rosidl_typesupport_fastrtps_c;rosidl_typesupport_introspection_c
-- Using all available rosidl_typesupport_cpp: rosidl_typesupport_fastrtps_cpp;rosidl_typesupport_introspection_cpp
-- Found rmw_implementation_cmake: 6.1.2 (/opt/ros/humble/share/rmw_implementation_cmake/cmake)
-- Found rmw_fastrtps_cpp: 6.2.9 (/opt/ros/humble/share/rmw_fastrtps_cpp/cmake)
-- Found OpenSSL: /usr/lib/x86_64-linux-gnu/libcrypto.so (found version "3.0.2")  
-- Found FastRTPS: /opt/ros/humble/include  
-- Using RMW implementation 'rmw_fastrtps_cpp' as default
-- Looking for pthread.h
-- Looking for pthread.h - found
-- Performing Test CMAKE_HAVE_LIBC_PTHREAD
-- Performing Test CMAKE_HAVE_LIBC_PTHREAD - Success
-- Found Threads: TRUE  
-- Found geometry_msgs: 4.9.1 (/opt/ros/humble/share/geometry_msgs/cmake)
-- Found mavros_msgs: 2.14.0 (/opt/ros/humble/share/mavros_msgs/cmake)
-- Found tf2_geometry_msgs: 0.25.18 (/opt/ros/humble/share/tf2_geometry_msgs/cmake)
-- Found eigen3_cmake_module: 0.1.1 (/opt/ros/humble/share/eigen3_cmake_module/cmake)
-- Found Eigen3: TRUE (found version "3.4.0") 
-- Ensuring Eigen3 include directory is part of orocos-kdl CMake target
-- Found ament_lint_auto: 0.12.14 (/opt/ros/humble/share/ament_lint_auto/cmake)
-- Added test 'cppcheck' to perform static code analysis on C / C++ code
-- Configured cppcheck include dirs: $<BUILD_INTERFACE:/home/rlatjsrkd12/tutorial_ws/src/usrg_tutorial/include>
-- Configured cppcheck exclude dirs and/or files: 
-- Added test 'lint_cmake' to check CMake code style
-- Added test 'uncrustify' to check C / C++ code style
-- Configured uncrustify additional arguments: 
-- Added test 'xmllint' to check XML markup files
-- Configuring done
-- Generating done
-- Build files have been written to: /home/rlatjsrkd12/tutorial_ws/src/build/usrg_tutorial
[ 50%] Building CXX object CMakeFiles/waypoint_mission_node.dir/src/waypoint_mission.cpp.o
In file included from /home/rlatjsrkd12/tutorial_ws/src/usrg_tutorial/src/waypoint_mission.cpp:1:
/home/rlatjsrkd12/tutorial_ws/src/usrg_tutorial/include/usrg_tutorial/waypoint_mission.hpp: In constructor ‘Waypoint_vel_tracker::Waypoint_vel_tracker()’:
/home/rlatjsrkd12/tutorial_ws/src/usrg_tutorial/include/usrg_tutorial/waypoint_mission.hpp:38:10: warning: ‘Waypoint_vel_tracker::current_index_’ will be initialized after [-Wreorder]
   38 |   size_t current_index_;
      |          ^~~~~~~~~~~~~~
/home/rlatjsrkd12/tutorial_ws/src/usrg_tutorial/include/usrg_tutorial/waypoint_mission.hpp:34:8: warning:   ‘bool Waypoint_vel_tracker::offboard_active_’ [-Wreorder]
   34 |   bool offboard_active_;
      |        ^~~~~~~~~~~~~~~~
/home/rlatjsrkd12/tutorial_ws/src/usrg_tutorial/src/waypoint_mission.cpp:34:1: warning:   when initialized here [-Wreorder]
   34 | Waypoint_vel_tracker::Waypoint_vel_tracker() : Node("pa_control"),
      | ^~~~~~~~~~~~~~~~~~~~
/home/rlatjsrkd12/tutorial_ws/src/usrg_tutorial/src/waypoint_mission.cpp: In member function ‘void Waypoint_vel_tracker::control_loop()’:
/home/rlatjsrkd12/tutorial_ws/src/usrg_tutorial/src/waypoint_mission.cpp:210:8: warning: unused variable ‘is_last_point_reached’ [-Wunused-variable]
  210 |   bool is_last_point_reached = false;
      |        ^~~~~~~~~~~~~~~~~~~~~
[100%] Linking CXX executable waypoint_mission_node
[100%] Built target waypoint_mission_node
-- Install configuration: ""
-- Installing: /home/rlatjsrkd12/tutorial_ws/src/install/usrg_tutorial/lib/usrg_tutorial/waypoint_mission_node
-- Set runtime path of "/home/rlatjsrkd12/tutorial_ws/src/install/usrg_tutorial/lib/usrg_tutorial/waypoint_mission_node" to ""
-- Installing: /home/rlatjsrkd12/tutorial_ws/src/install/usrg_tutorial/share/ament_index/resource_index/package_run_dependencies/usrg_tutorial
-- Installing: /home/rlatjsrkd12/tutorial_ws/src/install/usrg_tutorial/share/ament_index/resource_index/parent_prefix_path/usrg_tutorial
-- Installing: /home/rlatjsrkd12/tutorial_ws/src/install/usrg_tutorial/share/usrg_tutorial/environment/ament_prefix_path.sh
-- Installing: /home/rlatjsrkd12/tutorial_ws/src/install/usrg_tutorial/share/usrg_tutorial/environment/ament_prefix_path.dsv
-- Installing: /home/rlatjsrkd12/tutorial_ws/src/install/usrg_tutorial/share/usrg_tutorial/environment/path.sh
-- Installing: /home/rlatjsrkd12/tutorial_ws/src/install/usrg_tutorial/share/usrg_tutorial/environment/path.dsv
-- Installing: /home/rlatjsrkd12/tutorial_ws/src/install/usrg_tutorial/share/usrg_tutorial/local_setup.bash
-- Installing: /home/rlatjsrkd12/tutorial_ws/src/install/usrg_tutorial/share/usrg_tutorial/local_setup.sh
-- Installing: /home/rlatjsrkd12/tutorial_ws/src/install/usrg_tutorial/share/usrg_tutorial/local_setup.zsh
-- Installing: /home/rlatjsrkd12/tutorial_ws/src/install/usrg_tutorial/share/usrg_tutorial/local_setup.dsv
-- Installing: /home/rlatjsrkd12/tutorial_ws/src/install/usrg_tutorial/share/usrg_tutorial/package.dsv
-- Installing: /home/rlatjsrkd12/tutorial_ws/src/install/usrg_tutorial/share/ament_index/resource_index/packages/usrg_tutorial
-- Installing: /home/rlatjsrkd12/tutorial_ws/src/install/usrg_tutorial/share/usrg_tutorial/cmake/usrg_tutorialConfig.cmake
-- Installing: /home/rlatjsrkd12/tutorial_ws/src/install/usrg_tutorial/share/usrg_tutorial/cmake/usrg_tutorialConfig-version.cmake
-- Installing: /home/rlatjsrkd12/tutorial_ws/src/install/usrg_tutorial/share/usrg_tutorial/package.xml
