[30.035s] Invoking command in '/home/rlatjsrkd12/tutorial_ws/src/build/usrg_tutorial': CMAKE_PREFIX_PATH=${CMAKE_PREFIX_PATH}:/home/rlatjsrkd12/ros2_ws/install/py_srvcli:/home/rlatjsrkd12/ros2_ws/install/py_pubsub:/home/rlatjsrkd12/ros2_ws/install/launch_testing_examples:/home/rlatjsrkd12/ros2_ws/install/examples_rclpy_pointcloud_publisher:/home/rlatjsrkd12/ros2_ws/install/examples_rclpy_minimal_subscriber:/home/rlatjsrkd12/ros2_ws/install/examples_rclpy_minimal_service:/home/rlatjsrkd12/ros2_ws/install/examples_rclpy_minimal_publisher:/home/rlatjsrkd12/ros2_ws/install/examples_rclpy_minimal_client:/home/rlatjsrkd12/ros2_ws/install/examples_rclpy_minimal_action_server:/home/rlatjsrkd12/ros2_ws/install/examples_rclpy_minimal_action_client:/home/rlatjsrkd12/ros2_ws/install/examples_rclpy_guard_conditions:/home/rlatjsrkd12/ros2_ws/install/examples_rclpy_executors:/opt/ros/humble /usr/bin/cmake /home/rlatjsrkd12/tutorial_ws/src/usrg_tutorial -DCMAKE_INSTALL_PREFIX=/home/rlatjsrkd12/tutorial_ws/src/install/usrg_tutorial
[30.116s] -- The C compiler identification is GNU 11.4.0
[30.168s] -- The CXX compiler identification is GNU 11.4.0
[30.175s] -- Detecting C compiler ABI info
[30.226s] -- Detecting C compiler ABI info - done
[30.230s] -- Check for working C compiler: /usr/bin/cc - skipped
[30.230s] -- Detecting C compile features
[30.231s] -- Detecting C compile features - done
[30.233s] -- Detecting CXX compiler ABI info
[30.291s] -- Detecting CXX compiler ABI info - done
[30.296s] -- Check for working CXX compiler: /usr/bin/c++ - skipped
[30.296s] -- Detecting CXX compile features
[30.296s] -- Detecting CXX compile features - done
[30.301s] -- Found ament_cmake: 1.3.12 (/opt/ros/humble/share/ament_cmake/cmake)
[30.557s] -- Found Python3: /usr/bin/python3 (found version "3.10.12") found components: Interpreter 
[30.659s] -- Found rclcpp: 16.0.17 (/opt/ros/humble/share/rclcpp/cmake)
[30.705s] -- Found rosidl_generator_c: 3.1.8 (/opt/ros/humble/share/rosidl_generator_c/cmake)
[30.711s] -- Found rosidl_adapter: 3.1.8 (/opt/ros/humble/share/rosidl_adapter/cmake)
[30.719s] -- Found rosidl_generator_cpp: 3.1.8 (/opt/ros/humble/share/rosidl_generator_cpp/cmake)
[30.732s] -- Using all available rosidl_typesupport_c: rosidl_typesupport_fastrtps_c;rosidl_typesupport_introspection_c
[30.747s] -- Using all available rosidl_typesupport_cpp: rosidl_typesupport_fastrtps_cpp;rosidl_typesupport_introspection_cpp
[30.789s] -- Found rmw_implementation_cmake: 6.1.2 (/opt/ros/humble/share/rmw_implementation_cmake/cmake)
[30.793s] -- Found rmw_fastrtps_cpp: 6.2.9 (/opt/ros/humble/share/rmw_fastrtps_cpp/cmake)
[30.881s] -- Found OpenSSL: /usr/lib/x86_64-linux-gnu/libcrypto.so (found version "3.0.2")  
[30.904s] -- Found FastRTPS: /opt/ros/humble/include  
[30.933s] -- Using RMW implementation 'rmw_fastrtps_cpp' as default
[30.943s] -- Looking for pthread.h
[30.999s] -- Looking for pthread.h - found
[30.999s] -- Performing Test CMAKE_HAVE_LIBC_PTHREAD
[31.053s] -- Performing Test CMAKE_HAVE_LIBC_PTHREAD - Success
[31.054s] -- Found Threads: TRUE  
[31.100s] -- Found geometry_msgs: 4.9.1 (/opt/ros/humble/share/geometry_msgs/cmake)
[31.111s] -- Found mavros_msgs: 2.14.0 (/opt/ros/humble/share/mavros_msgs/cmake)
[31.168s] -- Found tf2_geometry_msgs: 0.25.18 (/opt/ros/humble/share/tf2_geometry_msgs/cmake)
[31.182s] -- Found eigen3_cmake_module: 0.1.1 (/opt/ros/humble/share/eigen3_cmake_module/cmake)
[31.184s] -- Found Eigen3: TRUE (found version "3.4.0") 
[31.184s] -- Ensuring Eigen3 include directory is part of orocos-kdl CMake target
[31.264s] -- Found ament_lint_auto: 0.12.14 (/opt/ros/humble/share/ament_lint_auto/cmake)
[31.325s] -- Added test 'cppcheck' to perform static code analysis on C / C++ code
[31.325s] -- Configured cppcheck include dirs: $<BUILD_INTERFACE:/home/rlatjsrkd12/tutorial_ws/src/usrg_tutorial/include>
[31.325s] -- Configured cppcheck exclude dirs and/or files: 
[31.325s] -- Added test 'lint_cmake' to check CMake code style
[31.326s] -- Added test 'uncrustify' to check C / C++ code style
[31.326s] -- Configured uncrustify additional arguments: 
[31.327s] -- Added test 'xmllint' to check XML markup files
[31.328s] -- Configuring done
[31.336s] -- Generating done
[31.339s] -- Build files have been written to: /home/rlatjsrkd12/tutorial_ws/src/build/usrg_tutorial
[60.062s] Invoked command in '/home/rlatjsrkd12/tutorial_ws/src/build/usrg_tutorial' returned '0': CMAKE_PREFIX_PATH=${CMAKE_PREFIX_PATH}:/home/rlatjsrkd12/ros2_ws/install/py_srvcli:/home/rlatjsrkd12/ros2_ws/install/py_pubsub:/home/rlatjsrkd12/ros2_ws/install/launch_testing_examples:/home/rlatjsrkd12/ros2_ws/install/examples_rclpy_pointcloud_publisher:/home/rlatjsrkd12/ros2_ws/install/examples_rclpy_minimal_subscriber:/home/rlatjsrkd12/ros2_ws/install/examples_rclpy_minimal_service:/home/rlatjsrkd12/ros2_ws/install/examples_rclpy_minimal_publisher:/home/rlatjsrkd12/ros2_ws/install/examples_rclpy_minimal_client:/home/rlatjsrkd12/ros2_ws/install/examples_rclpy_minimal_action_server:/home/rlatjsrkd12/ros2_ws/install/examples_rclpy_minimal_action_client:/home/rlatjsrkd12/ros2_ws/install/examples_rclpy_guard_conditions:/home/rlatjsrkd12/ros2_ws/install/examples_rclpy_executors:/opt/ros/humble /usr/bin/cmake /home/rlatjsrkd12/tutorial_ws/src/usrg_tutorial -DCMAKE_INSTALL_PREFIX=/home/rlatjsrkd12/tutorial_ws/src/install/usrg_tutorial
[60.064s] Invoking command in '/home/rlatjsrkd12/tutorial_ws/src/build/usrg_tutorial': CMAKE_PREFIX_PATH=${CMAKE_PREFIX_PATH}:/home/rlatjsrkd12/ros2_ws/install/py_srvcli:/home/rlatjsrkd12/ros2_ws/install/py_pubsub:/home/rlatjsrkd12/ros2_ws/install/launch_testing_examples:/home/rlatjsrkd12/ros2_ws/install/examples_rclpy_pointcloud_publisher:/home/rlatjsrkd12/ros2_ws/install/examples_rclpy_minimal_subscriber:/home/rlatjsrkd12/ros2_ws/install/examples_rclpy_minimal_service:/home/rlatjsrkd12/ros2_ws/install/examples_rclpy_minimal_publisher:/home/rlatjsrkd12/ros2_ws/install/examples_rclpy_minimal_client:/home/rlatjsrkd12/ros2_ws/install/examples_rclpy_minimal_action_server:/home/rlatjsrkd12/ros2_ws/install/examples_rclpy_minimal_action_client:/home/rlatjsrkd12/ros2_ws/install/examples_rclpy_guard_conditions:/home/rlatjsrkd12/ros2_ws/install/examples_rclpy_executors:/opt/ros/humble /usr/bin/cmake --build /home/rlatjsrkd12/tutorial_ws/src/build/usrg_tutorial -- -j22 -l22
[60.107s] [ 50%] Building CXX object CMakeFiles/waypoint_mission_node.dir/src/waypoint_mission.cpp.o
[61.753s] In file included from /home/rlatjsrkd12/tutorial_ws/src/usrg_tutorial/src/waypoint_mission.cpp:1:
[61.753s] /home/rlatjsrkd12/tutorial_ws/src/usrg_tutorial/include/usrg_tutorial/waypoint_mission.hpp: In constructor ‘Waypoint_vel_tracker::Waypoint_vel_tracker()’:
[61.753s] /home/rlatjsrkd12/tutorial_ws/src/usrg_tutorial/include/usrg_tutorial/waypoint_mission.hpp:38:10: warning: ‘Waypoint_vel_tracker::current_index_’ will be initialized after [-Wreorder]
[61.753s]    38 |   size_t current_index_;
[61.753s]       |          ^~~~~~~~~~~~~~
[61.753s] /home/rlatjsrkd12/tutorial_ws/src/usrg_tutorial/include/usrg_tutorial/waypoint_mission.hpp:34:8: warning:   ‘bool Waypoint_vel_tracker::offboard_active_’ [-Wreorder]
[61.753s]    34 |   bool offboard_active_;
[61.753s]       |        ^~~~~~~~~~~~~~~~
[61.753s] /home/rlatjsrkd12/tutorial_ws/src/usrg_tutorial/src/waypoint_mission.cpp:34:1: warning:   when initialized here [-Wreorder]
[61.753s]    34 | Waypoint_vel_tracker::Waypoint_vel_tracker() : Node("pa_control"),
[61.753s]       | ^~~~~~~~~~~~~~~~~~~~
[61.775s] /home/rlatjsrkd12/tutorial_ws/src/usrg_tutorial/src/waypoint_mission.cpp: In member function ‘void Waypoint_vel_tracker::control_loop()’:
[61.775s] /home/rlatjsrkd12/tutorial_ws/src/usrg_tutorial/src/waypoint_mission.cpp:210:8: warning: unused variable ‘is_last_point_reached’ [-Wunused-variable]
[61.775s]   210 |   bool is_last_point_reached = false;
[61.775s]       |        ^~~~~~~~~~~~~~~~~~~~~
[68.201s] [100%] Linking CXX executable waypoint_mission_node
[68.645s] [100%] Built target waypoint_mission_node
[68.654s] Invoked command in '/home/rlatjsrkd12/tutorial_ws/src/build/usrg_tutorial' returned '0': CMAKE_PREFIX_PATH=${CMAKE_PREFIX_PATH}:/home/rlatjsrkd12/ros2_ws/install/py_srvcli:/home/rlatjsrkd12/ros2_ws/install/py_pubsub:/home/rlatjsrkd12/ros2_ws/install/launch_testing_examples:/home/rlatjsrkd12/ros2_ws/install/examples_rclpy_pointcloud_publisher:/home/rlatjsrkd12/ros2_ws/install/examples_rclpy_minimal_subscriber:/home/rlatjsrkd12/ros2_ws/install/examples_rclpy_minimal_service:/home/rlatjsrkd12/ros2_ws/install/examples_rclpy_minimal_publisher:/home/rlatjsrkd12/ros2_ws/install/examples_rclpy_minimal_client:/home/rlatjsrkd12/ros2_ws/install/examples_rclpy_minimal_action_server:/home/rlatjsrkd12/ros2_ws/install/examples_rclpy_minimal_action_client:/home/rlatjsrkd12/ros2_ws/install/examples_rclpy_guard_conditions:/home/rlatjsrkd12/ros2_ws/install/examples_rclpy_executors:/opt/ros/humble /usr/bin/cmake --build /home/rlatjsrkd12/tutorial_ws/src/build/usrg_tutorial -- -j22 -l22
[68.660s] Invoking command in '/home/rlatjsrkd12/tutorial_ws/src/build/usrg_tutorial': CMAKE_PREFIX_PATH=${CMAKE_PREFIX_PATH}:/home/rlatjsrkd12/ros2_ws/install/py_srvcli:/home/rlatjsrkd12/ros2_ws/install/py_pubsub:/home/rlatjsrkd12/ros2_ws/install/launch_testing_examples:/home/rlatjsrkd12/ros2_ws/install/examples_rclpy_pointcloud_publisher:/home/rlatjsrkd12/ros2_ws/install/examples_rclpy_minimal_subscriber:/home/rlatjsrkd12/ros2_ws/install/examples_rclpy_minimal_service:/home/rlatjsrkd12/ros2_ws/install/examples_rclpy_minimal_publisher:/home/rlatjsrkd12/ros2_ws/install/examples_rclpy_minimal_client:/home/rlatjsrkd12/ros2_ws/install/examples_rclpy_minimal_action_server:/home/rlatjsrkd12/ros2_ws/install/examples_rclpy_minimal_action_client:/home/rlatjsrkd12/ros2_ws/install/examples_rclpy_guard_conditions:/home/rlatjsrkd12/ros2_ws/install/examples_rclpy_executors:/opt/ros/humble /usr/bin/cmake --install /home/rlatjsrkd12/tutorial_ws/src/build/usrg_tutorial
[68.669s] -- Install configuration: ""
[68.669s] -- Installing: /home/rlatjsrkd12/tutorial_ws/src/install/usrg_tutorial/lib/usrg_tutorial/waypoint_mission_node
[68.672s] -- Set runtime path of "/home/rlatjsrkd12/tutorial_ws/src/install/usrg_tutorial/lib/usrg_tutorial/waypoint_mission_node" to ""
[68.673s] -- Installing: /home/rlatjsrkd12/tutorial_ws/src/install/usrg_tutorial/share/ament_index/resource_index/package_run_dependencies/usrg_tutorial
[68.673s] -- Installing: /home/rlatjsrkd12/tutorial_ws/src/install/usrg_tutorial/share/ament_index/resource_index/parent_prefix_path/usrg_tutorial
[68.673s] -- Installing: /home/rlatjsrkd12/tutorial_ws/src/install/usrg_tutorial/share/usrg_tutorial/environment/ament_prefix_path.sh
[68.673s] -- Installing: /home/rlatjsrkd12/tutorial_ws/src/install/usrg_tutorial/share/usrg_tutorial/environment/ament_prefix_path.dsv
[68.673s] -- Installing: /home/rlatjsrkd12/tutorial_ws/src/install/usrg_tutorial/share/usrg_tutorial/environment/path.sh
[68.673s] -- Installing: /home/rlatjsrkd12/tutorial_ws/src/install/usrg_tutorial/share/usrg_tutorial/environment/path.dsv
[68.673s] -- Installing: /home/rlatjsrkd12/tutorial_ws/src/install/usrg_tutorial/share/usrg_tutorial/local_setup.bash
[68.673s] -- Installing: /home/rlatjsrkd12/tutorial_ws/src/install/usrg_tutorial/share/usrg_tutorial/local_setup.sh
[68.673s] -- Installing: /home/rlatjsrkd12/tutorial_ws/src/install/usrg_tutorial/share/usrg_tutorial/local_setup.zsh
[68.674s] -- Installing: /home/rlatjsrkd12/tutorial_ws/src/install/usrg_tutorial/share/usrg_tutorial/local_setup.dsv
[68.674s] -- Installing: /home/rlatjsrkd12/tutorial_ws/src/install/usrg_tutorial/share/usrg_tutorial/package.dsv
[68.674s] -- Installing: /home/rlatjsrkd12/tutorial_ws/src/install/usrg_tutorial/share/ament_index/resource_index/packages/usrg_tutorial
[68.674s] -- Installing: /home/rlatjsrkd12/tutorial_ws/src/install/usrg_tutorial/share/usrg_tutorial/cmake/usrg_tutorialConfig.cmake
[68.675s] -- Installing: /home/rlatjsrkd12/tutorial_ws/src/install/usrg_tutorial/share/usrg_tutorial/cmake/usrg_tutorialConfig-version.cmake
[68.675s] -- Installing: /home/rlatjsrkd12/tutorial_ws/src/install/usrg_tutorial/share/usrg_tutorial/package.xml
[68.675s] Invoked command in '/home/rlatjsrkd12/tutorial_ws/src/build/usrg_tutorial' returned '0': CMAKE_PREFIX_PATH=${CMAKE_PREFIX_PATH}:/home/rlatjsrkd12/ros2_ws/install/py_srvcli:/home/rlatjsrkd12/ros2_ws/install/py_pubsub:/home/rlatjsrkd12/ros2_ws/install/launch_testing_examples:/home/rlatjsrkd12/ros2_ws/install/examples_rclpy_pointcloud_publisher:/home/rlatjsrkd12/ros2_ws/install/examples_rclpy_minimal_subscriber:/home/rlatjsrkd12/ros2_ws/install/examples_rclpy_minimal_service:/home/rlatjsrkd12/ros2_ws/install/examples_rclpy_minimal_publisher:/home/rlatjsrkd12/ros2_ws/install/examples_rclpy_minimal_client:/home/rlatjsrkd12/ros2_ws/install/examples_rclpy_minimal_action_server:/home/rlatjsrkd12/ros2_ws/install/examples_rclpy_minimal_action_client:/home/rlatjsrkd12/ros2_ws/install/examples_rclpy_guard_conditions:/home/rlatjsrkd12/ros2_ws/install/examples_rclpy_executors:/opt/ros/humble /usr/bin/cmake --install /home/rlatjsrkd12/tutorial_ws/src/build/usrg_tutorial
