[0.098s] DEBUG:colcon:Command line arguments: ['/usr/bin/colcon', 'build', '--packages-select', 'usrg_tutorial']
[0.098s] DEBUG:colcon:Parsed command line arguments: Namespace(log_base=None, log_level=None, verb_name='build', build_base='build', install_base='install', merge_install=False, symlink_install=False, test_result_base=None, continue_on_error=False, executor='parallel', parallel_workers=22, event_handlers=None, ignore_user_meta=False, metas=['./colcon.meta'], base_paths=['.'], packages_ignore=None, packages_ignore_regex=None, paths=None, packages_up_to=None, packages_up_to_regex=None, packages_above=None, packages_above_and_dependencies=None, packages_above_depth=None, packages_select_by_dep=None, packages_skip_by_dep=None, packages_skip_up_to=None, packages_select_build_failed=False, packages_skip_build_finished=False, packages_select_test_failures=False, packages_skip_test_passed=False, packages_select=['usrg_tutorial'], packages_skip=None, packages_select_regex=None, packages_skip_regex=None, packages_start=None, packages_end=None, allow_overriding=[], cmake_args=None, cmake_target=None, cmake_target_skip_unavailable=False, cmake_clean_cache=False, cmake_clean_first=False, cmake_force_configure=False, ament_cmake_args=None, catkin_cmake_args=None, catkin_skip_building_tests=False, mixin_files=None, mixin=None, verb_parser=<colcon_mixin.mixin.mixin_argument.MixinArgumentDecorator object at 0x75ec1b96f610>, verb_extension=<colcon_core.verb.build.BuildVerb object at 0x75ec1bab46a0>, main=<bound method BuildVerb.main of <colcon_core.verb.build.BuildVerb object at 0x75ec1bab46a0>>, mixin_verb=('build',))
[0.135s] Level 1:colcon.colcon_core.package_discovery:discover_packages(colcon_meta) check parameters
[0.135s] Level 1:colcon.colcon_core.package_discovery:discover_packages(recursive) check parameters
[0.135s] Level 1:colcon.colcon_core.package_discovery:discover_packages(ignore) check parameters
[0.135s] Level 1:colcon.colcon_core.package_discovery:discover_packages(path) check parameters
[0.135s] Level 1:colcon.colcon_core.package_discovery:discover_packages(colcon_meta) discover
[0.135s] Level 1:colcon.colcon_core.package_discovery:discover_packages(recursive) discover
[0.136s] INFO:colcon.colcon_core.package_discovery:Crawling recursively for packages in '/home/rlatjsrkd12/tutorial_ws/src'
[0.136s] Level 1:colcon.colcon_core.package_identification:_identify(.) by extensions ['ignore', 'ignore_ament_install']
[0.136s] Level 1:colcon.colcon_core.package_identification:_identify(.) by extension 'ignore'
[0.136s] Level 1:colcon.colcon_core.package_identification:_identify(.) by extension 'ignore_ament_install'
[0.136s] Level 1:colcon.colcon_core.package_identification:_identify(.) by extensions ['colcon_pkg']
[0.136s] Level 1:colcon.colcon_core.package_identification:_identify(.) by extension 'colcon_pkg'
[0.136s] Level 1:colcon.colcon_core.package_identification:_identify(.) by extensions ['colcon_meta']
[0.136s] Level 1:colcon.colcon_core.package_identification:_identify(.) by extension 'colcon_meta'
[0.136s] Level 1:colcon.colcon_core.package_identification:_identify(.) by extensions ['ros']
[0.136s] Level 1:colcon.colcon_core.package_identification:_identify(.) by extension 'ros'
[0.146s] Level 1:colcon.colcon_core.package_identification:_identify(.) by extensions ['cmake', 'python']
[0.146s] Level 1:colcon.colcon_core.package_identification:_identify(.) by extension 'cmake'
[0.146s] Level 1:colcon.colcon_core.package_identification:_identify(.) by extension 'python'
[0.146s] Level 1:colcon.colcon_core.package_identification:_identify(.) by extensions ['python_setup_py']
[0.146s] Level 1:colcon.colcon_core.package_identification:_identify(.) by extension 'python_setup_py'
[0.146s] Level 1:colcon.colcon_core.package_identification:_identify(build) by extensions ['ignore', 'ignore_ament_install']
[0.146s] Level 1:colcon.colcon_core.package_identification:_identify(build) by extension 'ignore'
[0.146s] Level 1:colcon.colcon_core.package_identification:_identify(build) ignored
[0.146s] Level 1:colcon.colcon_core.package_identification:_identify(install) by extensions ['ignore', 'ignore_ament_install']
[0.146s] Level 1:colcon.colcon_core.package_identification:_identify(install) by extension 'ignore'
[0.146s] Level 1:colcon.colcon_core.package_identification:_identify(install) ignored
[0.146s] Level 1:colcon.colcon_core.package_identification:_identify(log) by extensions ['ignore', 'ignore_ament_install']
[0.146s] Level 1:colcon.colcon_core.package_identification:_identify(log) by extension 'ignore'
[0.146s] Level 1:colcon.colcon_core.package_identification:_identify(log) ignored
[0.146s] Level 1:colcon.colcon_core.package_identification:_identify(usrg_tutorial) by extensions ['ignore', 'ignore_ament_install']
[0.146s] Level 1:colcon.colcon_core.package_identification:_identify(usrg_tutorial) by extension 'ignore'
[0.146s] Level 1:colcon.colcon_core.package_identification:_identify(usrg_tutorial) by extension 'ignore_ament_install'
[0.146s] Level 1:colcon.colcon_core.package_identification:_identify(usrg_tutorial) by extensions ['colcon_pkg']
[0.146s] Level 1:colcon.colcon_core.package_identification:_identify(usrg_tutorial) by extension 'colcon_pkg'
[0.146s] Level 1:colcon.colcon_core.package_identification:_identify(usrg_tutorial) by extensions ['colcon_meta']
[0.146s] Level 1:colcon.colcon_core.package_identification:_identify(usrg_tutorial) by extension 'colcon_meta'
[0.146s] Level 1:colcon.colcon_core.package_identification:_identify(usrg_tutorial) by extensions ['ros']
[0.146s] Level 1:colcon.colcon_core.package_identification:_identify(usrg_tutorial) by extension 'ros'
[0.148s] DEBUG:colcon.colcon_core.package_identification:Package 'usrg_tutorial' with type 'ros.ament_cmake' and name 'usrg_tutorial'
[0.148s] Level 1:colcon.colcon_core.package_discovery:discover_packages(recursive) using defaults
[0.148s] Level 1:colcon.colcon_core.package_discovery:discover_packages(ignore) discover
[0.149s] Level 1:colcon.colcon_core.package_discovery:discover_packages(ignore) using defaults
[0.149s] Level 1:colcon.colcon_core.package_discovery:discover_packages(path) discover
[0.149s] Level 1:colcon.colcon_core.package_discovery:discover_packages(path) using defaults
[0.165s] Level 1:colcon.colcon_core.package_discovery:discover_packages(prefix_path) check parameters
[0.165s] Level 1:colcon.colcon_core.package_discovery:discover_packages(prefix_path) discover
[0.167s] DEBUG:colcon.colcon_installed_package_information.package_discovery:Found 1 installed packages in /home/rlatjsrkd12/tutorial_ws/install
[0.168s] DEBUG:colcon.colcon_installed_package_information.package_discovery:Found 29 installed packages in /home/rlatjsrkd12/ros2_ws/install
[0.169s] DEBUG:colcon.colcon_installed_package_information.package_discovery:Found 345 installed packages in /opt/ros/humble
[0.170s] Level 1:colcon.colcon_core.package_discovery:discover_packages(prefix_path) using defaults
[0.202s] Level 5:colcon.colcon_core.verb:set package 'usrg_tutorial' build argument 'cmake_args' from command line to 'None'
[0.202s] Level 5:colcon.colcon_core.verb:set package 'usrg_tutorial' build argument 'cmake_target' from command line to 'None'
[0.203s] Level 5:colcon.colcon_core.verb:set package 'usrg_tutorial' build argument 'cmake_target_skip_unavailable' from command line to 'False'
[0.203s] Level 5:colcon.colcon_core.verb:set package 'usrg_tutorial' build argument 'cmake_clean_cache' from command line to 'False'
[0.203s] Level 5:colcon.colcon_core.verb:set package 'usrg_tutorial' build argument 'cmake_clean_first' from command line to 'False'
[0.203s] Level 5:colcon.colcon_core.verb:set package 'usrg_tutorial' build argument 'cmake_force_configure' from command line to 'False'
[0.203s] Level 5:colcon.colcon_core.verb:set package 'usrg_tutorial' build argument 'ament_cmake_args' from command line to 'None'
[0.203s] Level 5:colcon.colcon_core.verb:set package 'usrg_tutorial' build argument 'catkin_cmake_args' from command line to 'None'
[0.203s] Level 5:colcon.colcon_core.verb:set package 'usrg_tutorial' build argument 'catkin_skip_building_tests' from command line to 'False'
[0.203s] DEBUG:colcon.colcon_core.verb:Building package 'usrg_tutorial' with the following arguments: {'ament_cmake_args': None, 'build_base': '/home/rlatjsrkd12/tutorial_ws/src/build/usrg_tutorial', 'catkin_cmake_args': None, 'catkin_skip_building_tests': False, 'cmake_args': None, 'cmake_clean_cache': False, 'cmake_clean_first': False, 'cmake_force_configure': False, 'cmake_target': None, 'cmake_target_skip_unavailable': False, 'install_base': '/home/rlatjsrkd12/tutorial_ws/src/install/usrg_tutorial', 'merge_install': False, 'path': '/home/rlatjsrkd12/tutorial_ws/src/usrg_tutorial', 'symlink_install': False, 'test_result_base': None}
[0.203s] INFO:colcon.colcon_core.executor:Executing jobs using 'parallel' executor
[0.203s] DEBUG:colcon.colcon_parallel_executor.executor.parallel:run_until_complete
[0.204s] INFO:colcon.colcon_ros.task.ament_cmake.build:Building ROS package in '/home/rlatjsrkd12/tutorial_ws/src/usrg_tutorial' with build type 'ament_cmake'
[0.204s] INFO:colcon.colcon_cmake.task.cmake.build:Building CMake package in '/home/rlatjsrkd12/tutorial_ws/src/usrg_tutorial'
[0.209s] INFO:colcon.colcon_core.plugin_system:Skipping extension 'colcon_core.shell.bat': Not used on non-Windows systems
[0.209s] INFO:colcon.colcon_core.shell:Skip shell extension 'powershell' for command environment: Not usable outside of PowerShell
[0.209s] DEBUG:colcon.colcon_core.shell:Skip shell extension 'dsv' for command environment
[30.239s] DEBUG:colcon.colcon_core.event_handler.log_command:Invoking command in '/home/rlatjsrkd12/tutorial_ws/src/build/usrg_tutorial': CMAKE_PREFIX_PATH=${CMAKE_PREFIX_PATH}:/home/rlatjsrkd12/ros2_ws/install/py_srvcli:/home/rlatjsrkd12/ros2_ws/install/py_pubsub:/home/rlatjsrkd12/ros2_ws/install/launch_testing_examples:/home/rlatjsrkd12/ros2_ws/install/examples_rclpy_pointcloud_publisher:/home/rlatjsrkd12/ros2_ws/install/examples_rclpy_minimal_subscriber:/home/rlatjsrkd12/ros2_ws/install/examples_rclpy_minimal_service:/home/rlatjsrkd12/ros2_ws/install/examples_rclpy_minimal_publisher:/home/rlatjsrkd12/ros2_ws/install/examples_rclpy_minimal_client:/home/rlatjsrkd12/ros2_ws/install/examples_rclpy_minimal_action_server:/home/rlatjsrkd12/ros2_ws/install/examples_rclpy_minimal_action_client:/home/rlatjsrkd12/ros2_ws/install/examples_rclpy_guard_conditions:/home/rlatjsrkd12/ros2_ws/install/examples_rclpy_executors:/opt/ros/humble /usr/bin/cmake /home/rlatjsrkd12/tutorial_ws/src/usrg_tutorial -DCMAKE_INSTALL_PREFIX=/home/rlatjsrkd12/tutorial_ws/src/install/usrg_tutorial
[60.266s] DEBUG:colcon.colcon_core.event_handler.log_command:Invoked command in '/home/rlatjsrkd12/tutorial_ws/src/build/usrg_tutorial' returned '0': CMAKE_PREFIX_PATH=${CMAKE_PREFIX_PATH}:/home/rlatjsrkd12/ros2_ws/install/py_srvcli:/home/rlatjsrkd12/ros2_ws/install/py_pubsub:/home/rlatjsrkd12/ros2_ws/install/launch_testing_examples:/home/rlatjsrkd12/ros2_ws/install/examples_rclpy_pointcloud_publisher:/home/rlatjsrkd12/ros2_ws/install/examples_rclpy_minimal_subscriber:/home/rlatjsrkd12/ros2_ws/install/examples_rclpy_minimal_service:/home/rlatjsrkd12/ros2_ws/install/examples_rclpy_minimal_publisher:/home/rlatjsrkd12/ros2_ws/install/examples_rclpy_minimal_client:/home/rlatjsrkd12/ros2_ws/install/examples_rclpy_minimal_action_server:/home/rlatjsrkd12/ros2_ws/install/examples_rclpy_minimal_action_client:/home/rlatjsrkd12/ros2_ws/install/examples_rclpy_guard_conditions:/home/rlatjsrkd12/ros2_ws/install/examples_rclpy_executors:/opt/ros/humble /usr/bin/cmake /home/rlatjsrkd12/tutorial_ws/src/usrg_tutorial -DCMAKE_INSTALL_PREFIX=/home/rlatjsrkd12/tutorial_ws/src/install/usrg_tutorial
[60.268s] DEBUG:colcon.colcon_core.event_handler.log_command:Invoking command in '/home/rlatjsrkd12/tutorial_ws/src/build/usrg_tutorial': CMAKE_PREFIX_PATH=${CMAKE_PREFIX_PATH}:/home/rlatjsrkd12/ros2_ws/install/py_srvcli:/home/rlatjsrkd12/ros2_ws/install/py_pubsub:/home/rlatjsrkd12/ros2_ws/install/launch_testing_examples:/home/rlatjsrkd12/ros2_ws/install/examples_rclpy_pointcloud_publisher:/home/rlatjsrkd12/ros2_ws/install/examples_rclpy_minimal_subscriber:/home/rlatjsrkd12/ros2_ws/install/examples_rclpy_minimal_service:/home/rlatjsrkd12/ros2_ws/install/examples_rclpy_minimal_publisher:/home/rlatjsrkd12/ros2_ws/install/examples_rclpy_minimal_client:/home/rlatjsrkd12/ros2_ws/install/examples_rclpy_minimal_action_server:/home/rlatjsrkd12/ros2_ws/install/examples_rclpy_minimal_action_client:/home/rlatjsrkd12/ros2_ws/install/examples_rclpy_guard_conditions:/home/rlatjsrkd12/ros2_ws/install/examples_rclpy_executors:/opt/ros/humble /usr/bin/cmake --build /home/rlatjsrkd12/tutorial_ws/src/build/usrg_tutorial -- -j22 -l22
[68.858s] DEBUG:colcon.colcon_core.event_handler.log_command:Invoked command in '/home/rlatjsrkd12/tutorial_ws/src/build/usrg_tutorial' returned '0': CMAKE_PREFIX_PATH=${CMAKE_PREFIX_PATH}:/home/rlatjsrkd12/ros2_ws/install/py_srvcli:/home/rlatjsrkd12/ros2_ws/install/py_pubsub:/home/rlatjsrkd12/ros2_ws/install/launch_testing_examples:/home/rlatjsrkd12/ros2_ws/install/examples_rclpy_pointcloud_publisher:/home/rlatjsrkd12/ros2_ws/install/examples_rclpy_minimal_subscriber:/home/rlatjsrkd12/ros2_ws/install/examples_rclpy_minimal_service:/home/rlatjsrkd12/ros2_ws/install/examples_rclpy_minimal_publisher:/home/rlatjsrkd12/ros2_ws/install/examples_rclpy_minimal_client:/home/rlatjsrkd12/ros2_ws/install/examples_rclpy_minimal_action_server:/home/rlatjsrkd12/ros2_ws/install/examples_rclpy_minimal_action_client:/home/rlatjsrkd12/ros2_ws/install/examples_rclpy_guard_conditions:/home/rlatjsrkd12/ros2_ws/install/examples_rclpy_executors:/opt/ros/humble /usr/bin/cmake --build /home/rlatjsrkd12/tutorial_ws/src/build/usrg_tutorial -- -j22 -l22
[68.865s] DEBUG:colcon.colcon_core.event_handler.log_command:Invoking command in '/home/rlatjsrkd12/tutorial_ws/src/build/usrg_tutorial': CMAKE_PREFIX_PATH=${CMAKE_PREFIX_PATH}:/home/rlatjsrkd12/ros2_ws/install/py_srvcli:/home/rlatjsrkd12/ros2_ws/install/py_pubsub:/home/rlatjsrkd12/ros2_ws/install/launch_testing_examples:/home/rlatjsrkd12/ros2_ws/install/examples_rclpy_pointcloud_publisher:/home/rlatjsrkd12/ros2_ws/install/examples_rclpy_minimal_subscriber:/home/rlatjsrkd12/ros2_ws/install/examples_rclpy_minimal_service:/home/rlatjsrkd12/ros2_ws/install/examples_rclpy_minimal_publisher:/home/rlatjsrkd12/ros2_ws/install/examples_rclpy_minimal_client:/home/rlatjsrkd12/ros2_ws/install/examples_rclpy_minimal_action_server:/home/rlatjsrkd12/ros2_ws/install/examples_rclpy_minimal_action_client:/home/rlatjsrkd12/ros2_ws/install/examples_rclpy_guard_conditions:/home/rlatjsrkd12/ros2_ws/install/examples_rclpy_executors:/opt/ros/humble /usr/bin/cmake --install /home/rlatjsrkd12/tutorial_ws/src/build/usrg_tutorial
[68.878s] Level 1:colcon.colcon_core.environment:create_environment_scripts_only(usrg_tutorial)
[68.879s] DEBUG:colcon.colcon_core.event_handler.log_command:Invoked command in '/home/rlatjsrkd12/tutorial_ws/src/build/usrg_tutorial' returned '0': CMAKE_PREFIX_PATH=${CMAKE_PREFIX_PATH}:/home/rlatjsrkd12/ros2_ws/install/py_srvcli:/home/rlatjsrkd12/ros2_ws/install/py_pubsub:/home/rlatjsrkd12/ros2_ws/install/launch_testing_examples:/home/rlatjsrkd12/ros2_ws/install/examples_rclpy_pointcloud_publisher:/home/rlatjsrkd12/ros2_ws/install/examples_rclpy_minimal_subscriber:/home/rlatjsrkd12/ros2_ws/install/examples_rclpy_minimal_service:/home/rlatjsrkd12/ros2_ws/install/examples_rclpy_minimal_publisher:/home/rlatjsrkd12/ros2_ws/install/examples_rclpy_minimal_client:/home/rlatjsrkd12/ros2_ws/install/examples_rclpy_minimal_action_server:/home/rlatjsrkd12/ros2_ws/install/examples_rclpy_minimal_action_client:/home/rlatjsrkd12/ros2_ws/install/examples_rclpy_guard_conditions:/home/rlatjsrkd12/ros2_ws/install/examples_rclpy_executors:/opt/ros/humble /usr/bin/cmake --install /home/rlatjsrkd12/tutorial_ws/src/build/usrg_tutorial
[68.882s] Level 1:colcon.colcon_core.environment:checking '/home/rlatjsrkd12/tutorial_ws/src/install/usrg_tutorial' for CMake module files
[68.882s] Level 1:colcon.colcon_core.environment:checking '/home/rlatjsrkd12/tutorial_ws/src/install/usrg_tutorial' for CMake config files
[68.882s] Level 1:colcon.colcon_core.shell:create_environment_hook('usrg_tutorial', 'cmake_prefix_path')
[68.882s] INFO:colcon.colcon_core.shell:Creating environment hook '/home/rlatjsrkd12/tutorial_ws/src/install/usrg_tutorial/share/usrg_tutorial/hook/cmake_prefix_path.ps1'
[68.883s] INFO:colcon.colcon_core.shell:Creating environment descriptor '/home/rlatjsrkd12/tutorial_ws/src/install/usrg_tutorial/share/usrg_tutorial/hook/cmake_prefix_path.dsv'
[68.883s] INFO:colcon.colcon_core.shell:Creating environment hook '/home/rlatjsrkd12/tutorial_ws/src/install/usrg_tutorial/share/usrg_tutorial/hook/cmake_prefix_path.sh'
[68.884s] Level 1:colcon.colcon_core.environment:checking '/home/rlatjsrkd12/tutorial_ws/src/install/usrg_tutorial/lib'
[68.884s] Level 1:colcon.colcon_core.environment:checking '/home/rlatjsrkd12/tutorial_ws/src/install/usrg_tutorial/bin'
[68.884s] Level 1:colcon.colcon_core.environment:checking '/home/rlatjsrkd12/tutorial_ws/src/install/usrg_tutorial/lib/pkgconfig/usrg_tutorial.pc'
[68.884s] Level 1:colcon.colcon_core.environment:checking '/home/rlatjsrkd12/tutorial_ws/src/install/usrg_tutorial/lib/python3.10/site-packages'
[68.884s] Level 1:colcon.colcon_core.environment:checking '/home/rlatjsrkd12/tutorial_ws/src/install/usrg_tutorial/bin'
[68.885s] INFO:colcon.colcon_core.shell:Creating package script '/home/rlatjsrkd12/tutorial_ws/src/install/usrg_tutorial/share/usrg_tutorial/package.ps1'
[68.885s] INFO:colcon.colcon_core.shell:Creating package descriptor '/home/rlatjsrkd12/tutorial_ws/src/install/usrg_tutorial/share/usrg_tutorial/package.dsv'
[68.886s] INFO:colcon.colcon_core.shell:Creating package script '/home/rlatjsrkd12/tutorial_ws/src/install/usrg_tutorial/share/usrg_tutorial/package.sh'
[68.886s] INFO:colcon.colcon_core.shell:Creating package script '/home/rlatjsrkd12/tutorial_ws/src/install/usrg_tutorial/share/usrg_tutorial/package.bash'
[68.887s] INFO:colcon.colcon_core.shell:Creating package script '/home/rlatjsrkd12/tutorial_ws/src/install/usrg_tutorial/share/usrg_tutorial/package.zsh'
[68.887s] Level 1:colcon.colcon_core.environment:create_file_with_runtime_dependencies(/home/rlatjsrkd12/tutorial_ws/src/install/usrg_tutorial/share/colcon-core/packages/usrg_tutorial)
[68.887s] Level 1:colcon.colcon_core.environment:create_environment_scripts_only(usrg_tutorial)
[68.888s] Level 1:colcon.colcon_core.environment:checking '/home/rlatjsrkd12/tutorial_ws/src/install/usrg_tutorial' for CMake module files
[68.888s] Level 1:colcon.colcon_core.environment:checking '/home/rlatjsrkd12/tutorial_ws/src/install/usrg_tutorial' for CMake config files
[68.888s] Level 1:colcon.colcon_core.shell:create_environment_hook('usrg_tutorial', 'cmake_prefix_path')
[68.888s] INFO:colcon.colcon_core.shell:Creating environment hook '/home/rlatjsrkd12/tutorial_ws/src/install/usrg_tutorial/share/usrg_tutorial/hook/cmake_prefix_path.ps1'
[68.888s] INFO:colcon.colcon_core.shell:Creating environment descriptor '/home/rlatjsrkd12/tutorial_ws/src/install/usrg_tutorial/share/usrg_tutorial/hook/cmake_prefix_path.dsv'
[68.888s] INFO:colcon.colcon_core.shell:Creating environment hook '/home/rlatjsrkd12/tutorial_ws/src/install/usrg_tutorial/share/usrg_tutorial/hook/cmake_prefix_path.sh'
[68.889s] Level 1:colcon.colcon_core.environment:checking '/home/rlatjsrkd12/tutorial_ws/src/install/usrg_tutorial/lib'
[68.889s] Level 1:colcon.colcon_core.environment:checking '/home/rlatjsrkd12/tutorial_ws/src/install/usrg_tutorial/bin'
[68.889s] Level 1:colcon.colcon_core.environment:checking '/home/rlatjsrkd12/tutorial_ws/src/install/usrg_tutorial/lib/pkgconfig/usrg_tutorial.pc'
[68.889s] Level 1:colcon.colcon_core.environment:checking '/home/rlatjsrkd12/tutorial_ws/src/install/usrg_tutorial/lib/python3.10/site-packages'
[68.889s] Level 1:colcon.colcon_core.environment:checking '/home/rlatjsrkd12/tutorial_ws/src/install/usrg_tutorial/bin'
[68.889s] INFO:colcon.colcon_core.shell:Creating package script '/home/rlatjsrkd12/tutorial_ws/src/install/usrg_tutorial/share/usrg_tutorial/package.ps1'
[68.890s] INFO:colcon.colcon_core.shell:Creating package descriptor '/home/rlatjsrkd12/tutorial_ws/src/install/usrg_tutorial/share/usrg_tutorial/package.dsv'
[68.890s] INFO:colcon.colcon_core.shell:Creating package script '/home/rlatjsrkd12/tutorial_ws/src/install/usrg_tutorial/share/usrg_tutorial/package.sh'
[68.890s] INFO:colcon.colcon_core.shell:Creating package script '/home/rlatjsrkd12/tutorial_ws/src/install/usrg_tutorial/share/usrg_tutorial/package.bash'
[68.890s] INFO:colcon.colcon_core.shell:Creating package script '/home/rlatjsrkd12/tutorial_ws/src/install/usrg_tutorial/share/usrg_tutorial/package.zsh'
[68.890s] Level 1:colcon.colcon_core.environment:create_file_with_runtime_dependencies(/home/rlatjsrkd12/tutorial_ws/src/install/usrg_tutorial/share/colcon-core/packages/usrg_tutorial)
[68.891s] DEBUG:colcon.colcon_parallel_executor.executor.parallel:closing loop
[68.891s] DEBUG:colcon.colcon_parallel_executor.executor.parallel:loop closed
[68.891s] DEBUG:colcon.colcon_parallel_executor.executor.parallel:run_until_complete finished with '0'
[68.891s] DEBUG:colcon.colcon_core.event_reactor:joining thread
[68.896s] INFO:colcon.colcon_core.plugin_system:Skipping extension 'colcon_notification.desktop_notification.terminal_notifier': Not used on non-Darwin systems
[68.896s] INFO:colcon.colcon_core.plugin_system:Skipping extension 'colcon_notification.desktop_notification.win32': Not used on non-Windows systems
[68.896s] INFO:colcon.colcon_notification.desktop_notification:Sending desktop notification using 'notify2'
[68.896s] DEBUG:colcon.colcon_notification.desktop_notification.notify2:Failed to initialize notify2: org.freedesktop.DBus.Error.AccessDenied: Failed to connect to socket /run/user/1000/bus: Operation not permitted
[68.896s] DEBUG:colcon.colcon_core.event_reactor:joined thread
[68.896s] INFO:colcon.colcon_core.shell:Creating prefix script '/home/rlatjsrkd12/tutorial_ws/src/install/local_setup.ps1'
[68.897s] INFO:colcon.colcon_core.shell:Creating prefix util module '/home/rlatjsrkd12/tutorial_ws/src/install/_local_setup_util_ps1.py'
[68.898s] INFO:colcon.colcon_core.shell:Creating prefix chain script '/home/rlatjsrkd12/tutorial_ws/src/install/setup.ps1'
[68.899s] INFO:colcon.colcon_core.shell:Creating prefix script '/home/rlatjsrkd12/tutorial_ws/src/install/local_setup.sh'
[68.899s] INFO:colcon.colcon_core.shell:Creating prefix util module '/home/rlatjsrkd12/tutorial_ws/src/install/_local_setup_util_sh.py'
[68.899s] INFO:colcon.colcon_core.shell:Creating prefix chain script '/home/rlatjsrkd12/tutorial_ws/src/install/setup.sh'
[68.900s] INFO:colcon.colcon_core.shell:Creating prefix script '/home/rlatjsrkd12/tutorial_ws/src/install/local_setup.bash'
[68.901s] INFO:colcon.colcon_core.shell:Creating prefix chain script '/home/rlatjsrkd12/tutorial_ws/src/install/setup.bash'
[68.902s] INFO:colcon.colcon_core.shell:Creating prefix script '/home/rlatjsrkd12/tutorial_ws/src/install/local_setup.zsh'
[68.902s] INFO:colcon.colcon_core.shell:Creating prefix chain script '/home/rlatjsrkd12/tutorial_ws/src/install/setup.zsh'
